
> my-next-app@0.1.0 build-storybook
> storybook build "--output-dir=C:\\Users\\MOHAMM~1\\AppData\\Local\\Temp\\chromatic--13200-5U3IVdIb5k1p"

[1m@storybook/core v8.4.7
[22m
info => Cleaning outputDir: [36mC:\Users\MOHAMM~1\AppData\Local\Temp\chromatic--13200-5U3IVdIb5k1p[39m
info => Loading presets
info => Building manager..
info => Manager built ([38;2;181;126;229m1.25 s[39m)
info => Building preview..
info Addon-docs: using MDX3
info => Using implicit CSS loaders
info => Using SWC as compiler
info => Using default Webpack5 setup
info => Copying static files: [36mpublic[39m at [36mC:\Users\MOHAMM~1\AppData\Local\Temp\chromatic--13200-5U3IVdIb5k1p[39m
info Using tsconfig paths for react-docgen
WARN asset size limit: The following asset(s) exceed the recommended size limit (244 KiB).
WARN This can impact web performance.
WARN Assets: 
WARN   static/media/addon-library.7d60eaf1.png (456 KiB)
WARN   735.1e3c3939.iframe.bundle.js (359 KiB)
WARN   844.977507a0.iframe.bundle.js (995 KiB)
WARN   67.eff2402e.iframe.bundle.js (635 KiB)
WARN   176.134798c3.iframe.bundle.js (1.8 MiB)
WARN entrypoint size limit: The following entrypoint(s) combined asset size exceeds the recommended limit (244 KiB). This can impact web performance.
WARN Entrypoints:
WARN   main (1.82 MiB)
WARN       runtime~main.66132216.iframe.bundle.js
WARN       176.134798c3.iframe.bundle.js
WARN       main.e4fd05a1.iframe.bundle.js
WARN 
info => Preview built ([38;2;181;126;229m1.17 min[39m)
info => Output directory: C:\Users\MOHAMM~1\AppData\Local\Temp\chromatic--13200-5U3IVdIb5k1p
